0 info it worked if it ends with ok
1 verbose cli [ 'C:\\Program Files\\nodejs\\node.exe',
1 verbose cli   'C:\\Users\\COREI7\\AppData\\Roaming\\npm\\node_modules\\npm\\bin\\npm-cli.js',
1 verbose cli   'start',
1 verbose cli   'http-server' ]
2 info using npm@4.0.5
3 info using node@v7.9.0
4 verbose run-script [ 'prestart', 'start', 'poststart' ]
5 info lifecycle functions@~prestart: functions@
6 silly lifecycle functions@~prestart: no script for prestart, continuing
7 info lifecycle functions@~start: functions@
8 verbose lifecycle functions@~start: unsafe-perm in lifecycle true
9 verbose lifecycle functions@~start: PATH: C:\Users\COREI7\AppData\Roaming\npm\node_modules\npm\bin\node-gyp-bin;E:\projects\pwa\functions\node_modules\.bin;C:\ProgramData\Oracle\Java\javapath;E:\tools\Python27\;E:\tools\Python27\Scripts;C:\Program Files\Haskell\bin;E:\programmieren\Haskell.7.10.2-a\lib\extralibs\bin;E:\programmieren\Haskell.7.10.2-a\bin;C:\WINDOWS\system32;C:\WINDOWS;C:\WINDOWS\System32\Wbem;C:\WINDOWS\System32\WindowsPowerShell\v1.0\;C:\Program Files\nodejs\;C:\Program Files (x86)\Intel\OpenCL SDK\3.0\bin\x86;C:\Program Files (x86)\Intel\OpenCL SDK\3.0\bin\x64;C:\Program Files\Microsoft SQL Server\110\Tools\Binn\;C:\Program Files (x86)\Windows Kits\8.1\Windows Performance Toolkit\;C:\Program Files\Microsoft SQL Server\120\Tools\Binn\;C:\Program Files (x86)\sbt\\bin;c:\Programming\apache-maven-3.3.3\bin\;E:\programmieren\Haskell.7.10.2-a\mingw\bin;E:\programmieren\Leksah\bin\;C:\Program Files\Redis\;C:\Program Files\Microsoft SQL Server\130\Tools\Binn\;e:\tools\Python27\Scripts\;C:\Program Files\Microsoft\Web Platform Installer\;C:\Program Files (x86)\Brackets\command;C:\Program Files\Git\cmd;C:\Program Files\Git\mingw64\bin;C:\Program Files\Git\usr\bin;C:\Program Files\PuTTY\;C:\Users\COREI7\AppData\Roaming\cabal\bin;C:\Program Files (x86)\Microsoft VS Code\bin;C:\Users\COREI7\AppData\Local\Microsoft\WindowsApps;C:\Users\COREI7\AppData\Local\atom\bin;C:\Users\COREI7\AppData\Roaming\npm;%USERPROFILE%\AppData\Local\Microsoft\WindowsApps;
10 verbose lifecycle functions@~start: CWD: E:\projects\pwa\functions
11 silly lifecycle functions@~start: Args: [ '/d /s /c', 'npm run shell "http-server"' ]
12 silly lifecycle functions@~start: Returned: code: 1  signal: null
13 info lifecycle functions@~start: Failed to exec start script
14 verbose stack Error: functions@ start: `npm run shell "http-server"`
14 verbose stack Exit status 1
14 verbose stack     at EventEmitter.<anonymous> (C:\Users\COREI7\AppData\Roaming\npm\node_modules\npm\lib\utils\lifecycle.js:279:16)
14 verbose stack     at emitTwo (events.js:106:13)
14 verbose stack     at EventEmitter.emit (events.js:194:7)
14 verbose stack     at ChildProcess.<anonymous> (C:\Users\COREI7\AppData\Roaming\npm\node_modules\npm\lib\utils\spawn.js:40:14)
14 verbose stack     at emitTwo (events.js:106:13)
14 verbose stack     at ChildProcess.emit (events.js:194:7)
14 verbose stack     at maybeClose (internal/child_process.js:899:16)
14 verbose stack     at Process.ChildProcess._handle.onexit (internal/child_process.js:226:5)
15 verbose pkgid functions@
16 verbose cwd E:\projects\pwa\functions
17 error Windows_NT 10.0.16299
18 error argv "C:\\Program Files\\nodejs\\node.exe" "C:\\Users\\COREI7\\AppData\\Roaming\\npm\\node_modules\\npm\\bin\\npm-cli.js" "start" "http-server"
19 error node v7.9.0
20 error npm  v4.0.5
21 error code ELIFECYCLE
22 error functions@ start: `npm run shell "http-server"`
22 error Exit status 1
23 error Failed at the functions@ start script 'npm run shell "http-server"'.
23 error Make sure you have the latest version of node.js and npm installed.
23 error If you do, this is most likely a problem with the functions package,
23 error not with npm itself.
23 error Tell the author that this fails on your system:
23 error     npm run shell "http-server"
23 error You can get information on how to open an issue for this project with:
23 error     npm bugs functions
23 error Or if that isn't available, you can get their info via:
23 error     npm owner ls functions
23 error There is likely additional logging output above.
24 verbose exit [ 1, true ]
